[debug] [2026-06-07T16:07:23.708Z] ----------------------------------------------------------------------
[debug] [2026-06-07T16:07:23.712Z] Command:       C:\Program Files\nodejs\node.exe C:\Users\Prezes\AppData\Roaming\npm\node_modules\firebase-tools\lib\bin\firebase.js deploy --project pesam-system-81165
[debug] [2026-06-07T16:07:23.712Z] CLI Version:   15.18.0
[debug] [2026-06-07T16:07:23.712Z] Platform:      win32
[debug] [2026-06-07T16:07:23.712Z] Node Version:  v22.19.0
[debug] [2026-06-07T16:07:23.713Z] Time:          Sun Jun 07 2026 18:07:23 GMT+0200 (czas środkowoeuropejski letni)
[debug] [2026-06-07T16:07:23.713Z] ----------------------------------------------------------------------
[debug] 
[debug] [2026-06-07T16:12:05.073Z] > command requires scopes: ["email","openid","https://www.googleapis.com/auth/cloudplatformprojects.readonly","https://www.googleapis.com/auth/firebase","https://www.googleapis.com/auth/cloud-platform"]
[debug] [2026-06-07T16:12:05.074Z] > authorizing via signed-in user (pesamfinal@gmail.com)
[debug] [2026-06-07T16:12:05.074Z] [iam] checking project pesam-system-81165 for permissions ["firebase.projects.get"]
[debug] [2026-06-07T16:12:05.090Z] Checked if tokens are valid: false, expires at: 1780844275026
[debug] [2026-06-07T16:12:05.090Z] Checked if tokens are valid: false, expires at: 1780844275026
[debug] [2026-06-07T16:12:05.090Z] > refreshing access token with scopes: []
[debug] [2026-06-07T16:12:05.127Z] >>> [apiv2][query] POST https://www.googleapis.com/oauth2/v3/token [none]
[debug] [2026-06-07T16:12:05.127Z] >>> [apiv2][body] POST https://www.googleapis.com/oauth2/v3/token [omitted]
[debug] [2026-06-07T16:12:06.289Z] <<< [apiv2][status] POST https://www.googleapis.com/oauth2/v3/token 200
[debug] [2026-06-07T16:12:06.289Z] <<< [apiv2][body] POST https://www.googleapis.com/oauth2/v3/token [omitted]
[debug] [2026-06-07T16:12:06.506Z] >>> [apiv2][query] POST https://cloudresourcemanager.googleapis.com/v1/projects/pesam-system-81165:testIamPermissions [none]
[debug] [2026-06-07T16:12:06.506Z] >>> [apiv2][(partial)header] POST https://cloudresourcemanager.googleapis.com/v1/projects/pesam-system-81165:testIamPermissions  x-goog-user-project=pesam-system-81165
[debug] [2026-06-07T16:12:06.507Z] >>> [apiv2][body] POST https://cloudresourcemanager.googleapis.com/v1/projects/pesam-system-81165:testIamPermissions {"permissions":["firebase.projects.get"]}
